# JRE version: Java(TM) SE Runtime Environment (8.0_191-b12) (build 1.8.0_191-b12)
# Java VM: Java HotSpot(TM) 64-Bit Server VM (25.191-b12 mixed mode windows-amd64 compressed oops)
Heap:
 PSYoungGen      total 205312K, used 139140K [0x00000000d6300000, 0x00000000e6280000, 0x0000000100000000)
  eden space 203776K, 67% used [0x00000000d6300000,0x00000000de98bac0,0x00000000e2a00000)
  from space 1536K, 88% used [0x00000000e6100000,0x00000000e6255680,0x00000000e6280000)
  to   space 14848K, 0% used [0x00000000e4580000,0x00000000e4580000,0x00000000e5400000)
 ParOldGen       total 114688K, used 23641K [0x0000000082800000, 0x0000000089800000, 0x00000000d6300000)
  object space 114688K, 20% used [0x0000000082800000,0x0000000083f16688,0x0000000089800000)
 Metaspace       used 58304K, capacity 61065K, committed 61144K, reserved 1101824K
  class space    used 7669K, capacity 8146K, committed 8192K, reserved 1048576K
GC Heap History (10 events):
Event: 7544.395 GC heap before
{Heap before GC invocations=23 (full 3):
 PSYoungGen      total 245248K, used 245089K [0x00000000d6300000, 0x00000000e9000000, 0x0000000100000000)
  eden space 243712K, 100% used [0x00000000d6300000,0x00000000e5100000,0x00000000e5100000)
  from space 1536K, 89% used [0x00000000e6e00000,0x00000000e6f585d8,0x00000000e6f80000)
  to   space 17408K, 0% used [0x00000000e7f00000,0x00000000e7f00000,0x00000000e9000000)
 ParOldGen       total 114688K, used 23601K [0x0000000082800000, 0x0000000089800000, 0x00000000d6300000)
  object space 114688K, 20% used [0x0000000082800000,0x0000000083f0c688,0x0000000089800000)
 Metaspace       used 58207K, capacity 61001K, committed 61144K, reserved 1101824K
  class space    used 7669K, capacity 8146K, committed 8192K, reserved 1048576K
Event: 7544.401 GC heap after
Heap after GC invocations=23 (full 3):
 PSYoungGen      total 237056K, used 1688K [0x00000000d6300000, 0x00000000e8100000, 0x0000000100000000)
  eden space 235008K, 0% used [0x00000000d6300000,0x00000000d6300000,0x00000000e4880000)
  from space 2048K, 82% used [0x00000000e7f00000,0x00000000e80a6398,0x00000000e8100000)
  to   space 16896K, 0% used [0x00000000e6000000,0x00000000e6000000,0x00000000e7080000)
 ParOldGen       total 114688K, used 23609K [0x0000000082800000, 0x0000000089800000, 0x00000000d6300000)
  object space 114688K, 20% used [0x0000000082800000,0x0000000083f0e688,0x0000000089800000)
 Metaspace       used 58207K, capacity 61001K, committed 61144K, reserved 1101824K
  class space    used 7669K, capacity 8146K, committed 8192K, reserved 1048576K
}
Event: 8242.683 GC heap before
{Heap before GC invocations=24 (full 3):
 PSYoungGen      total 237056K, used 236696K [0x00000000d6300000, 0x00000000e8100000, 0x0000000100000000)
  eden space 235008K, 100% used [0x00000000d6300000,0x00000000e4880000,0x00000000e4880000)
  from space 2048K, 82% used [0x00000000e7f00000,0x00000000e80a6398,0x00000000e8100000)
  to   space 16896K, 0% used [0x00000000e6000000,0x00000000e6000000,0x00000000e7080000)
 ParOldGen       total 114688K, used 23609K [0x0000000082800000, 0x0000000089800000, 0x00000000d6300000)
  object space 114688K, 20% used [0x0000000082800000,0x0000000083f0e688,0x0000000089800000)
 Metaspace       used 58244K, capacity 61001K, committed 61144K, reserved 1101824K
  class space    used 7669K, capacity 8146K, committed 8192K, reserved 1048576K
Event: 8242.687 GC heap after
Heap after GC invocations=24 (full 3):
 PSYoungGen      total 228864K, used 1541K [0x00000000d6300000, 0x00000000e7f80000, 0x0000000100000000)
  eden space 226816K, 0% used [0x00000000d6300000,0x00000000d6300000,0x00000000e4080000)
  from space 2048K, 75% used [0x00000000e6000000,0x00000000e6181468,0x00000000e6200000)
  to   space 16384K, 0% used [0x00000000e6f80000,0x00000000e6f80000,0x00000000e7f80000)
 ParOldGen       total 114688K, used 23617K [0x0000000082800000, 0x0000000089800000, 0x00000000d6300000)
  object space 114688K, 20% used [0x0000000082800000,0x0000000083f10688,0x0000000089800000)
 Metaspace       used 58244K, capacity 61001K, committed 61144K, reserved 1101824K
  class space    used 7669K, capacity 8146K, committed 8192K, reserved 1048576K
}
Event: 8901.511 GC heap before
{Heap before GC invocations=25 (full 3):
 PSYoungGen      total 228864K, used 228357K [0x00000000d6300000, 0x00000000e7f80000, 0x0000000100000000)
  eden space 226816K, 100% used [0x00000000d6300000,0x00000000e4080000,0x00000000e4080000)
  from space 2048K, 75% used [0x00000000e6000000,0x00000000e6181468,0x00000000e6200000)
  to   space 16384K, 0% used [0x00000000e6f80000,0x00000000e6f80000,0x00000000e7f80000)
 ParOldGen       total 114688K, used 23617K [0x0000000082800000, 0x0000000089800000, 0x00000000d6300000)
  object space 114688K, 20% used [0x0000000082800000,0x0000000083f10688,0x0000000089800000)
 Metaspace       used 58249K, capacity 61001K, committed 61144K, reserved 1101824K
  class space    used 7669K, capacity 8146K, committed 8192K, reserved 1048576K
Event: 8901.515 GC heap after
Heap after GC invocations=25 (full 3):
 PSYoungGen      total 220672K, used 1565K [0x00000000d6300000, 0x00000000e7180000, 0x0000000100000000)
  eden space 218624K, 0% used [0x00000000d6300000,0x00000000d6300000,0x00000000e3880000)
  from space 2048K, 76% used [0x00000000e6f80000,0x00000000e7107680,0x00000000e7180000)
  to   space 15872K, 0% used [0x00000000e5280000,0x00000000e5280000,0x00000000e6200000)
 ParOldGen       total 114688K, used 23625K [0x0000000082800000, 0x0000000089800000, 0x00000000d6300000)
  object space 114688K, 20% used [0x0000000082800000,0x0000000083f12688,0x0000000089800000)
 Metaspace       used 58249K, capacity 61001K, committed 61144K, reserved 1101824K
  class space    used 7669K, capacity 8146K, committed 8192K, reserved 1048576K
}
Event: 9547.239 GC heap before
{Heap before GC invocations=26 (full 3):
 PSYoungGen      total 220672K, used 220189K [0x00000000d6300000, 0x00000000e7180000, 0x0000000100000000)
  eden space 218624K, 100% used [0x00000000d6300000,0x00000000e3880000,0x00000000e3880000)
  from space 2048K, 76% used [0x00000000e6f80000,0x00000000e7107680,0x00000000e7180000)
  to   space 15872K, 0% used [0x00000000e5280000,0x00000000e5280000,0x00000000e6200000)
 ParOldGen       total 114688K, used 23625K [0x0000000082800000, 0x0000000089800000, 0x00000000d6300000)
  object space 114688K, 20% used [0x0000000082800000,0x0000000083f12688,0x0000000089800000)
 Metaspace       used 58289K, capacity 61065K, committed 61144K, reserved 1101824K
  class space    used 7669K, capacity 8146K, committed 8192K, reserved 1048576K
Event: 9547.249 GC heap after
Heap after GC invocations=26 (full 3):
 PSYoungGen      total 212992K, used 1597K [0x00000000d6300000, 0x00000000e7000000, 0x0000000100000000)
  eden space 210944K, 0% used [0x00000000d6300000,0x00000000d6300000,0x00000000e3100000)
  from space 2048K, 78% used [0x00000000e5280000,0x00000000e540f698,0x00000000e5480000)
  to   space 15360K, 0% used [0x00000000e6100000,0x00000000e6100000,0x00000000e7000000)
 ParOldGen       total 114688K, used 23633K [0x0000000082800000, 0x0000000089800000, 0x00000000d6300000)
  object space 114688K, 20% used [0x0000000082800000,0x0000000083f14688,0x0000000089800000)
 Metaspace       used 58289K, capacity 61065K, committed 61144K, reserved 1101824K
  class space    used 7669K, capacity 8146K, committed 8192K, reserved 1048576K
}
Event: 10284.066 GC heap before
{Heap before GC invocations=27 (full 3):
 PSYoungGen      total 212992K, used 212541K [0x00000000d6300000, 0x00000000e7000000, 0x0000000100000000)
  eden space 210944K, 100% used [0x00000000d6300000,0x00000000e3100000,0x00000000e3100000)
  from space 2048K, 78% used [0x00000000e5280000,0x00000000e540f698,0x00000000e5480000)
  to   space 15360K, 0% used [0x00000000e6100000,0x00000000e6100000,0x00000000e7000000)
 ParOldGen       total 114688K, used 23633K [0x0000000082800000, 0x0000000089800000, 0x00000000d6300000)
  object space 114688K, 20% used [0x0000000082800000,0x0000000083f14688,0x0000000089800000)
 Metaspace       used 58296K, capacity 61065K, committed 61144K, reserved 1101824K
  class space    used 7669K, capacity 8146K, committed 8192K, reserved 1048576K
Event: 10284.069 GC heap after
Heap after GC invocations=27 (full 3):
 PSYoungGen      total 205312K, used 1365K [0x00000000d6300000, 0x00000000e6280000, 0x0000000100000000)
  eden space 203776K, 0% used [0x00000000d6300000,0x00000000d6300000,0x00000000e2a00000)
  from space 1536K, 88% used [0x00000000e6100000,0x00000000e6255680,0x00000000e6280000)
  to   space 14848K, 0% used [0x00000000e4580000,0x00000000e4580000,0x00000000e5400000)
 ParOldGen       total 114688K, used 23641K [0x0000000082800000, 0x0000000089800000, 0x00000000d6300000)
  object space 114688K, 20% used [0x0000000082800000,0x0000000083f16688,0x0000000089800000)
 Metaspace       used 58296K, capacity 61065K, committed 61144K, reserved 1101824K
  class space    used 7669K, capacity 8146K, committed 8192K, reserved 1048576K
}

