# JRE version: Java(TM) SE Runtime Environment (8.0_191-b12) (build 1.8.0_191-b12)
# Java VM: Java HotSpot(TM) 64-Bit Server VM (25.191-b12 mixed mode windows-amd64 compressed oops)
Heap:
 PSYoungGen      total 58880K, used 54991K [0x00000000d6300000, 0x00000000dc300000, 0x0000000100000000)
  eden space 50176K, 92% used [0x00000000d6300000,0x00000000d9037d38,0x00000000d9400000)
  from space 8704K, 99% used [0x00000000d9400000,0x00000000d9c7c0c8,0x00000000d9c80000)
  to   space 10752K, 0% used [0x00000000db880000,0x00000000db880000,0x00000000dc300000)
 ParOldGen       total 58368K, used 8450K [0x0000000082800000, 0x0000000086100000, 0x00000000d6300000)
  object space 58368K, 14% used [0x0000000082800000,0x0000000083040860,0x0000000086100000)
 Metaspace       used 33307K, capacity 35070K, committed 35328K, reserved 1079296K
  class space    used 4448K, capacity 4784K, committed 4864K, reserved 1048576K
GC Heap History (10 events):
Event: 2.155 GC heap before
{Heap before GC invocations=4 (full 0):
 PSYoungGen      total 37888K, used 24299K [0x00000000d6300000, 0x00000000d8d00000, 0x0000000100000000)
  eden space 32768K, 58% used [0x00000000d6300000,0x00000000d75bf890,0x00000000d8300000)
  from space 5120K, 99% used [0x00000000d8300000,0x00000000d87fb700,0x00000000d8800000)
  to   space 5120K, 0% used [0x00000000d8800000,0x00000000d8800000,0x00000000d8d00000)
 ParOldGen       total 86016K, used 4102K [0x0000000082800000, 0x0000000087c00000, 0x00000000d6300000)
  object space 86016K, 4% used [0x0000000082800000,0x0000000082c01858,0x0000000087c00000)
 Metaspace       used 20531K, capacity 21254K, committed 21296K, reserved 1067008K
  class space    used 2715K, capacity 2918K, committed 2944K, reserved 1048576K
Event: 2.160 GC heap after
Heap after GC invocations=4 (full 0):
 PSYoungGen      total 37888K, used 5102K [0x00000000d6300000, 0x00000000dad00000, 0x0000000100000000)
  eden space 32768K, 0% used [0x00000000d6300000,0x00000000d6300000,0x00000000d8300000)
  from space 5120K, 99% used [0x00000000d8800000,0x00000000d8cfbae8,0x00000000d8d00000)
  to   space 5120K, 0% used [0x00000000d8300000,0x00000000d8300000,0x00000000d8800000)
 ParOldGen       total 86016K, used 5797K [0x0000000082800000, 0x0000000087c00000, 0x00000000d6300000)
  object space 86016K, 6% used [0x0000000082800000,0x0000000082da96f0,0x0000000087c00000)
 Metaspace       used 20531K, capacity 21254K, committed 21296K, reserved 1067008K
  class space    used 2715K, capacity 2918K, committed 2944K, reserved 1048576K
}
Event: 2.160 GC heap before
{Heap before GC invocations=5 (full 1):
 PSYoungGen      total 37888K, used 5102K [0x00000000d6300000, 0x00000000dad00000, 0x0000000100000000)
  eden space 32768K, 0% used [0x00000000d6300000,0x00000000d6300000,0x00000000d8300000)
  from space 5120K, 99% used [0x00000000d8800000,0x00000000d8cfbae8,0x00000000d8d00000)
  to   space 5120K, 0% used [0x00000000d8300000,0x00000000d8300000,0x00000000d8800000)
 ParOldGen       total 86016K, used 5797K [0x0000000082800000, 0x0000000087c00000, 0x00000000d6300000)
  object space 86016K, 6% used [0x0000000082800000,0x0000000082da96f0,0x0000000087c00000)
 Metaspace       used 20531K, capacity 21254K, committed 21296K, reserved 1067008K
  class space    used 2715K, capacity 2918K, committed 2944K, reserved 1048576K
Event: 2.182 GC heap after
Heap after GC invocations=5 (full 1):
 PSYoungGen      total 37888K, used 0K [0x00000000d6300000, 0x00000000dad00000, 0x0000000100000000)
  eden space 32768K, 0% used [0x00000000d6300000,0x00000000d6300000,0x00000000d8300000)
  from space 5120K, 0% used [0x00000000d8800000,0x00000000d8800000,0x00000000d8d00000)
  to   space 5120K, 0% used [0x00000000d8300000,0x00000000d8300000,0x00000000d8800000)
 ParOldGen       total 58368K, used 6553K [0x0000000082800000, 0x0000000086100000, 0x00000000d6300000)
  object space 58368K, 11% used [0x0000000082800000,0x0000000082e667b0,0x0000000086100000)
 Metaspace       used 20529K, capacity 21248K, committed 21296K, reserved 1067008K
  class space    used 2715K, capacity 2917K, committed 2944K, reserved 1048576K
}
Event: 3.318 GC heap before
{Heap before GC invocations=6 (full 1):
 PSYoungGen      total 37888K, used 32768K [0x00000000d6300000, 0x00000000dad00000, 0x0000000100000000)
  eden space 32768K, 100% used [0x00000000d6300000,0x00000000d8300000,0x00000000d8300000)
  from space 5120K, 0% used [0x00000000d8800000,0x00000000d8800000,0x00000000d8d00000)
  to   space 5120K, 0% used [0x00000000d8300000,0x00000000d8300000,0x00000000d8800000)
 ParOldGen       total 58368K, used 6553K [0x0000000082800000, 0x0000000086100000, 0x00000000d6300000)
  object space 58368K, 11% used [0x0000000082800000,0x0000000082e667b0,0x0000000086100000)
 Metaspace       used 23001K, capacity 23922K, committed 24064K, reserved 1071104K
  class space    used 3049K, capacity 3276K, committed 3328K, reserved 1048576K
Event: 3.324 GC heap after
Heap after GC invocations=6 (full 1):
 PSYoungGen      total 37888K, used 4061K [0x00000000d6300000, 0x00000000da580000, 0x0000000100000000)
  eden space 32768K, 0% used [0x00000000d6300000,0x00000000d6300000,0x00000000d8300000)
  from space 5120K, 79% used [0x00000000d8300000,0x00000000d86f7618,0x00000000d8800000)
  to   space 9216K, 0% used [0x00000000d9c80000,0x00000000d9c80000,0x00000000da580000)
 ParOldGen       total 58368K, used 6561K [0x0000000082800000, 0x0000000086100000, 0x00000000d6300000)
  object space 58368K, 11% used [0x0000000082800000,0x0000000082e687b0,0x0000000086100000)
 Metaspace       used 23001K, capacity 23922K, committed 24064K, reserved 1071104K
  class space    used 3049K, capacity 3276K, committed 3328K, reserved 1048576K
}
Event: 3.807 GC heap before
{Heap before GC invocations=7 (full 1):
 PSYoungGen      total 37888K, used 36829K [0x00000000d6300000, 0x00000000da580000, 0x0000000100000000)
  eden space 32768K, 100% used [0x00000000d6300000,0x00000000d8300000,0x00000000d8300000)
  from space 5120K, 79% used [0x00000000d8300000,0x00000000d86f7618,0x00000000d8800000)
  to   space 9216K, 0% used [0x00000000d9c80000,0x00000000d9c80000,0x00000000da580000)
 ParOldGen       total 58368K, used 6561K [0x0000000082800000, 0x0000000086100000, 0x00000000d6300000)
  object space 58368K, 11% used [0x0000000082800000,0x0000000082e687b0,0x0000000086100000)
 Metaspace       used 24981K, capacity 26024K, committed 26112K, reserved 1071104K
  class space    used 3270K, capacity 3517K, committed 3584K, reserved 1048576K
Event: 3.814 GC heap after
Heap after GC invocations=7 (full 1):
 PSYoungGen      total 58880K, used 5970K [0x00000000d6300000, 0x00000000da500000, 0x0000000100000000)
  eden space 50176K, 0% used [0x00000000d6300000,0x00000000d6300000,0x00000000d9400000)
  from space 8704K, 68% used [0x00000000d9c80000,0x00000000da254a68,0x00000000da500000)
  to   space 8704K, 0% used [0x00000000d9400000,0x00000000d9400000,0x00000000d9c80000)
 ParOldGen       total 58368K, used 6569K [0x0000000082800000, 0x0000000086100000, 0x00000000d6300000)
  object space 58368K, 11% used [0x0000000082800000,0x0000000082e6a7b0,0x0000000086100000)
 Metaspace       used 24981K, capacity 26024K, committed 26112K, reserved 1071104K
  class space    used 3270K, capacity 3517K, committed 3584K, reserved 1048576K
}
Event: 4.836 GC heap before
{Heap before GC invocations=8 (full 1):
 PSYoungGen      total 58880K, used 56146K [0x00000000d6300000, 0x00000000da500000, 0x0000000100000000)
  eden space 50176K, 100% used [0x00000000d6300000,0x00000000d9400000,0x00000000d9400000)
  from space 8704K, 68% used [0x00000000d9c80000,0x00000000da254a68,0x00000000da500000)
  to   space 8704K, 0% used [0x00000000d9400000,0x00000000d9400000,0x00000000d9c80000)
 ParOldGen       total 58368K, used 6569K [0x0000000082800000, 0x0000000086100000, 0x00000000d6300000)
  object space 58368K, 11% used [0x0000000082800000,0x0000000082e6a7b0,0x0000000086100000)
 Metaspace       used 29472K, capacity 30902K, committed 31232K, reserved 1077248K
  class space    used 3941K, capacity 4246K, committed 4352K, reserved 1048576K
Event: 4.847 GC heap after
Heap after GC invocations=8 (full 1):
 PSYoungGen      total 58880K, used 8688K [0x00000000d6300000, 0x00000000dc300000, 0x0000000100000000)
  eden space 50176K, 0% used [0x00000000d6300000,0x00000000d6300000,0x00000000d9400000)
  from space 8704K, 99% used [0x00000000d9400000,0x00000000d9c7c0c8,0x00000000d9c80000)
  to   space 10752K, 0% used [0x00000000db880000,0x00000000db880000,0x00000000dc300000)
 ParOldGen       total 58368K, used 8450K [0x0000000082800000, 0x0000000086100000, 0x00000000d6300000)
  object space 58368K, 14% used [0x0000000082800000,0x0000000083040860,0x0000000086100000)
 Metaspace       used 29472K, capacity 30902K, committed 31232K, reserved 1077248K
  class space    used 3941K, capacity 4246K, committed 4352K, reserved 1048576K
}

