# JRE version: Java(TM) SE Runtime Environment (8.0_191-b12) (build 1.8.0_191-b12)
# Java VM: Java HotSpot(TM) 64-Bit Server VM (25.191-b12 mixed mode windows-amd64 compressed oops)
Heap:
 PSYoungGen      total 70656K, used 55387K [0x00000000d6300000, 0x00000000dad00000, 0x0000000100000000)
  eden space 65536K, 84% used [0x00000000d6300000,0x00000000d9916ce8,0x00000000da300000)
  from space 5120K, 0% used [0x00000000da800000,0x00000000da800000,0x00000000dad00000)
  to   space 5120K, 0% used [0x00000000da300000,0x00000000da300000,0x00000000da800000)
 ParOldGen       total 58368K, used 6533K [0x0000000082800000, 0x0000000086100000, 0x00000000d6300000)
  object space 58368K, 11% used [0x0000000082800000,0x0000000082e61650,0x0000000086100000)
 Metaspace       used 23520K, capacity 24452K, committed 24704K, reserved 1071104K
  class space    used 3114K, capacity 3351K, committed 3456K, reserved 1048576K
GC Heap History (10 events):
Event: 0.875 GC heap before
{Heap before GC invocations=1 (full 0):
 PSYoungGen      total 37888K, used 32768K [0x00000000d6300000, 0x00000000d8d00000, 0x0000000100000000)
  eden space 32768K, 100% used [0x00000000d6300000,0x00000000d8300000,0x00000000d8300000)
  from space 5120K, 0% used [0x00000000d8800000,0x00000000d8800000,0x00000000d8d00000)
  to   space 5120K, 0% used [0x00000000d8300000,0x00000000d8300000,0x00000000d8800000)
 ParOldGen       total 86016K, used 0K [0x0000000082800000, 0x0000000087c00000, 0x00000000d6300000)
  object space 86016K, 0% used [0x0000000082800000,0x0000000082800000,0x0000000087c00000)
 Metaspace       used 9474K, capacity 9694K, committed 9984K, reserved 1058816K
  class space    used 1114K, capacity 1189K, committed 1280K, reserved 1048576K
Event: 0.880 GC heap after
Heap after GC invocations=1 (full 0):
 PSYoungGen      total 37888K, used 4900K [0x00000000d6300000, 0x00000000d8d00000, 0x0000000100000000)
  eden space 32768K, 0% used [0x00000000d6300000,0x00000000d6300000,0x00000000d8300000)
  from space 5120K, 95% used [0x00000000d8300000,0x00000000d87c9218,0x00000000d8800000)
  to   space 5120K, 0% used [0x00000000d8800000,0x00000000d8800000,0x00000000d8d00000)
 ParOldGen       total 86016K, used 16K [0x0000000082800000, 0x0000000087c00000, 0x00000000d6300000)
  object space 86016K, 0% used [0x0000000082800000,0x0000000082804000,0x0000000087c00000)
 Metaspace       used 9474K, capacity 9694K, committed 9984K, reserved 1058816K
  class space    used 1114K, capacity 1189K, committed 1280K, reserved 1048576K
}
Event: 1.204 GC heap before
{Heap before GC invocations=2 (full 0):
 PSYoungGen      total 37888K, used 37668K [0x00000000d6300000, 0x00000000d8d00000, 0x0000000100000000)
  eden space 32768K, 100% used [0x00000000d6300000,0x00000000d8300000,0x00000000d8300000)
  from space 5120K, 95% used [0x00000000d8300000,0x00000000d87c9218,0x00000000d8800000)
  to   space 5120K, 0% used [0x00000000d8800000,0x00000000d8800000,0x00000000d8d00000)
 ParOldGen       total 86016K, used 16K [0x0000000082800000, 0x0000000087c00000, 0x00000000d6300000)
  object space 86016K, 0% used [0x0000000082800000,0x0000000082804000,0x0000000087c00000)
 Metaspace       used 13060K, capacity 13452K, committed 13696K, reserved 1060864K
  class space    used 1688K, capacity 1805K, committed 1920K, reserved 1048576K
Event: 1.210 GC heap after
Heap after GC invocations=2 (full 0):
 PSYoungGen      total 37888K, used 5100K [0x00000000d6300000, 0x00000000dad00000, 0x0000000100000000)
  eden space 32768K, 0% used [0x00000000d6300000,0x00000000d6300000,0x00000000d8300000)
  from space 5120K, 99% used [0x00000000d8800000,0x00000000d8cfb1c8,0x00000000d8d00000)
  to   space 5120K, 0% used [0x00000000d8300000,0x00000000d8300000,0x00000000d8800000)
 ParOldGen       total 86016K, used 788K [0x0000000082800000, 0x0000000087c00000, 0x00000000d6300000)
  object space 86016K, 0% used [0x0000000082800000,0x00000000828c5350,0x0000000087c00000)
 Metaspace       used 13060K, capacity 13452K, committed 13696K, reserved 1060864K
  class space    used 1688K, capacity 1805K, committed 1920K, reserved 1048576K
}
Event: 1.948 GC heap before
{Heap before GC invocations=3 (full 0):
 PSYoungGen      total 37888K, used 37868K [0x00000000d6300000, 0x00000000dad00000, 0x0000000100000000)
  eden space 32768K, 100% used [0x00000000d6300000,0x00000000d8300000,0x00000000d8300000)
  from space 5120K, 99% used [0x00000000d8800000,0x00000000d8cfb1c8,0x00000000d8d00000)
  to   space 5120K, 0% used [0x00000000d8300000,0x00000000d8300000,0x00000000d8800000)
 ParOldGen       total 86016K, used 788K [0x0000000082800000, 0x0000000087c00000, 0x00000000d6300000)
  object space 86016K, 0% used [0x0000000082800000,0x00000000828c5350,0x0000000087c00000)
 Metaspace       used 17976K, capacity 18572K, committed 18688K, reserved 1064960K
  class space    used 2360K, capacity 2535K, committed 2560K, reserved 1048576K
Event: 1.953 GC heap after
Heap after GC invocations=3 (full 0):
 PSYoungGen      total 37888K, used 5110K [0x00000000d6300000, 0x00000000dad00000, 0x0000000100000000)
  eden space 32768K, 0% used [0x00000000d6300000,0x00000000d6300000,0x00000000d8300000)
  from space 5120K, 99% used [0x00000000d8300000,0x00000000d87fd9b0,0x00000000d8800000)
  to   space 5120K, 0% used [0x00000000da800000,0x00000000da800000,0x00000000dad00000)
 ParOldGen       total 86016K, used 4064K [0x0000000082800000, 0x0000000087c00000, 0x00000000d6300000)
  object space 86016K, 4% used [0x0000000082800000,0x0000000082bf8368,0x0000000087c00000)
 Metaspace       used 17976K, capacity 18572K, committed 18688K, reserved 1064960K
  class space    used 2360K, capacity 2535K, committed 2560K, reserved 1048576K
}
Event: 2.202 GC heap before
{Heap before GC invocations=4 (full 0):
 PSYoungGen      total 37888K, used 23961K [0x00000000d6300000, 0x00000000dad00000, 0x0000000100000000)
  eden space 32768K, 57% used [0x00000000d6300000,0x00000000d7568ad8,0x00000000d8300000)
  from space 5120K, 99% used [0x00000000d8300000,0x00000000d87fd9b0,0x00000000d8800000)
  to   space 5120K, 0% used [0x00000000da800000,0x00000000da800000,0x00000000dad00000)
 ParOldGen       total 86016K, used 4064K [0x0000000082800000, 0x0000000087c00000, 0x00000000d6300000)
  object space 86016K, 4% used [0x0000000082800000,0x0000000082bf8368,0x0000000087c00000)
 Metaspace       used 20539K, capacity 21254K, committed 21296K, reserved 1067008K
  class space    used 2718K, capacity 2918K, committed 2944K, reserved 1048576K
Event: 2.208 GC heap after
Heap after GC invocations=4 (full 0):
 PSYoungGen      total 70656K, used 5091K [0x00000000d6300000, 0x00000000dad00000, 0x0000000100000000)
  eden space 65536K, 0% used [0x00000000d6300000,0x00000000d6300000,0x00000000da300000)
  from space 5120K, 99% used [0x00000000da800000,0x00000000dacf8c28,0x00000000dad00000)
  to   space 5120K, 0% used [0x00000000da300000,0x00000000da300000,0x00000000da800000)
 ParOldGen       total 86016K, used 5719K [0x0000000082800000, 0x0000000087c00000, 0x00000000d6300000)
  object space 86016K, 6% used [0x0000000082800000,0x0000000082d95cb8,0x0000000087c00000)
 Metaspace       used 20539K, capacity 21254K, committed 21296K, reserved 1067008K
  class space    used 2718K, capacity 2918K, committed 2944K, reserved 1048576K
}
Event: 2.208 GC heap before
{Heap before GC invocations=5 (full 1):
 PSYoungGen      total 70656K, used 5091K [0x00000000d6300000, 0x00000000dad00000, 0x0000000100000000)
  eden space 65536K, 0% used [0x00000000d6300000,0x00000000d6300000,0x00000000da300000)
  from space 5120K, 99% used [0x00000000da800000,0x00000000dacf8c28,0x00000000dad00000)
  to   space 5120K, 0% used [0x00000000da300000,0x00000000da300000,0x00000000da800000)
 ParOldGen       total 86016K, used 5719K [0x0000000082800000, 0x0000000087c00000, 0x00000000d6300000)
  object space 86016K, 6% used [0x0000000082800000,0x0000000082d95cb8,0x0000000087c00000)
 Metaspace       used 20539K, capacity 21254K, committed 21296K, reserved 1067008K
  class space    used 2718K, capacity 2918K, committed 2944K, reserved 1048576K
Event: 2.233 GC heap after
Heap after GC invocations=5 (full 1):
 PSYoungGen      total 70656K, used 0K [0x00000000d6300000, 0x00000000dad00000, 0x0000000100000000)
  eden space 65536K, 0% used [0x00000000d6300000,0x00000000d6300000,0x00000000da300000)
  from space 5120K, 0% used [0x00000000da800000,0x00000000da800000,0x00000000dad00000)
  to   space 5120K, 0% used [0x00000000da300000,0x00000000da300000,0x00000000da800000)
 ParOldGen       total 58368K, used 6533K [0x0000000082800000, 0x0000000086100000, 0x00000000d6300000)
  object space 58368K, 11% used [0x0000000082800000,0x0000000082e61650,0x0000000086100000)
 Metaspace       used 20537K, capacity 21248K, committed 21296K, reserved 1067008K
  class space    used 2718K, capacity 2917K, committed 2944K, reserved 1048576K
}

