# JRE version: Java(TM) SE Runtime Environment (8.0_191-b12) (build 1.8.0_191-b12)
# Java VM: Java HotSpot(TM) 64-Bit Server VM (25.191-b12 mixed mode windows-amd64 compressed oops)
Heap:
 PSYoungGen      total 70656K, used 60025K [0x00000000d6300000, 0x00000000dd680000, 0x0000000100000000)
  eden space 65536K, 83% used [0x00000000d6300000,0x00000000d989e9b0,0x00000000da300000)
  from space 5120K, 99% used [0x00000000da300000,0x00000000da7ffa58,0x00000000da800000)
  to   space 9216K, 0% used [0x00000000dcd80000,0x00000000dcd80000,0x00000000dd680000)
 ParOldGen       total 57344K, used 9456K [0x0000000082800000, 0x0000000086000000, 0x00000000d6300000)
  object space 57344K, 16% used [0x0000000082800000,0x000000008313c0e0,0x0000000086000000)
 Metaspace       used 29814K, capacity 31372K, committed 31488K, reserved 1077248K
  class space    used 4003K, capacity 4311K, committed 4352K, reserved 1048576K
GC Heap History (10 events):
Event: 1.471 GC heap before
{Heap before GC invocations=2 (full 0):
 PSYoungGen      total 37888K, used 37760K [0x00000000d6300000, 0x00000000d8d00000, 0x0000000100000000)
  eden space 32768K, 100% used [0x00000000d6300000,0x00000000d8300000,0x00000000d8300000)
  from space 5120K, 97% used [0x00000000d8300000,0x00000000d87e02c8,0x00000000d8800000)
  to   space 5120K, 0% used [0x00000000d8800000,0x00000000d8800000,0x00000000d8d00000)
 ParOldGen       total 86016K, used 16K [0x0000000082800000, 0x0000000087c00000, 0x00000000d6300000)
  object space 86016K, 0% used [0x0000000082800000,0x0000000082804000,0x0000000087c00000)
 Metaspace       used 13062K, capacity 13452K, committed 13696K, reserved 1060864K
  class space    used 1690K, capacity 1805K, committed 1920K, reserved 1048576K
Event: 1.478 GC heap after
Heap after GC invocations=2 (full 0):
 PSYoungGen      total 37888K, used 5103K [0x00000000d6300000, 0x00000000dad00000, 0x0000000100000000)
  eden space 32768K, 0% used [0x00000000d6300000,0x00000000d6300000,0x00000000d8300000)
  from space 5120K, 99% used [0x00000000d8800000,0x00000000d8cfbf48,0x00000000d8d00000)
  to   space 5120K, 0% used [0x00000000d8300000,0x00000000d8300000,0x00000000d8800000)
 ParOldGen       total 86016K, used 725K [0x0000000082800000, 0x0000000087c00000, 0x00000000d6300000)
  object space 86016K, 0% used [0x0000000082800000,0x00000000828b5640,0x0000000087c00000)
 Metaspace       used 13062K, capacity 13452K, committed 13696K, reserved 1060864K
  class space    used 1690K, capacity 1805K, committed 1920K, reserved 1048576K
}
Event: 2.277 GC heap before
{Heap before GC invocations=3 (full 0):
 PSYoungGen      total 37888K, used 37871K [0x00000000d6300000, 0x00000000dad00000, 0x0000000100000000)
  eden space 32768K, 100% used [0x00000000d6300000,0x00000000d8300000,0x00000000d8300000)
  from space 5120K, 99% used [0x00000000d8800000,0x00000000d8cfbf48,0x00000000d8d00000)
  to   space 5120K, 0% used [0x00000000d8300000,0x00000000d8300000,0x00000000d8800000)
 ParOldGen       total 86016K, used 725K [0x0000000082800000, 0x0000000087c00000, 0x00000000d6300000)
  object space 86016K, 0% used [0x0000000082800000,0x00000000828b5640,0x0000000087c00000)
 Metaspace       used 17964K, capacity 18572K, committed 18688K, reserved 1064960K
  class space    used 2358K, capacity 2535K, committed 2560K, reserved 1048576K
Event: 2.283 GC heap after
Heap after GC invocations=3 (full 0):
 PSYoungGen      total 37888K, used 5090K [0x00000000d6300000, 0x00000000dad00000, 0x0000000100000000)
  eden space 32768K, 0% used [0x00000000d6300000,0x00000000d6300000,0x00000000d8300000)
  from space 5120K, 99% used [0x00000000d8300000,0x00000000d87f89a0,0x00000000d8800000)
  to   space 5120K, 0% used [0x00000000da800000,0x00000000da800000,0x00000000dad00000)
 ParOldGen       total 86016K, used 4044K [0x0000000082800000, 0x0000000087c00000, 0x00000000d6300000)
  object space 86016K, 4% used [0x0000000082800000,0x0000000082bf30d8,0x0000000087c00000)
 Metaspace       used 17964K, capacity 18572K, committed 18688K, reserved 1064960K
  class space    used 2358K, capacity 2535K, committed 2560K, reserved 1048576K
}
Event: 2.559 GC heap before
{Heap before GC invocations=4 (full 0):
 PSYoungGen      total 37888K, used 24103K [0x00000000d6300000, 0x00000000dad00000, 0x0000000100000000)
  eden space 32768K, 58% used [0x00000000d6300000,0x00000000d75914a8,0x00000000d8300000)
  from space 5120K, 99% used [0x00000000d8300000,0x00000000d87f89a0,0x00000000d8800000)
  to   space 5120K, 0% used [0x00000000da800000,0x00000000da800000,0x00000000dad00000)
 ParOldGen       total 86016K, used 4044K [0x0000000082800000, 0x0000000087c00000, 0x00000000d6300000)
  object space 86016K, 4% used [0x0000000082800000,0x0000000082bf30d8,0x0000000087c00000)
 Metaspace       used 20542K, capacity 21254K, committed 21296K, reserved 1067008K
  class space    used 2719K, capacity 2918K, committed 2944K, reserved 1048576K
Event: 2.566 GC heap after
Heap after GC invocations=4 (full 0):
 PSYoungGen      total 70656K, used 5102K [0x00000000d6300000, 0x00000000dad00000, 0x0000000100000000)
  eden space 65536K, 0% used [0x00000000d6300000,0x00000000d6300000,0x00000000da300000)
  from space 5120K, 99% used [0x00000000da800000,0x00000000dacfbae8,0x00000000dad00000)
  to   space 5120K, 0% used [0x00000000da300000,0x00000000da300000,0x00000000da800000)
 ParOldGen       total 86016K, used 5674K [0x0000000082800000, 0x0000000087c00000, 0x00000000d6300000)
  object space 86016K, 6% used [0x0000000082800000,0x0000000082d8abc8,0x0000000087c00000)
 Metaspace       used 20542K, capacity 21254K, committed 21296K, reserved 1067008K
  class space    used 2719K, capacity 2918K, committed 2944K, reserved 1048576K
}
Event: 2.566 GC heap before
{Heap before GC invocations=5 (full 1):
 PSYoungGen      total 70656K, used 5102K [0x00000000d6300000, 0x00000000dad00000, 0x0000000100000000)
  eden space 65536K, 0% used [0x00000000d6300000,0x00000000d6300000,0x00000000da300000)
  from space 5120K, 99% used [0x00000000da800000,0x00000000dacfbae8,0x00000000dad00000)
  to   space 5120K, 0% used [0x00000000da300000,0x00000000da300000,0x00000000da800000)
 ParOldGen       total 86016K, used 5674K [0x0000000082800000, 0x0000000087c00000, 0x00000000d6300000)
  object space 86016K, 6% used [0x0000000082800000,0x0000000082d8abc8,0x0000000087c00000)
 Metaspace       used 20542K, capacity 21254K, committed 21296K, reserved 1067008K
  class space    used 2719K, capacity 2918K, committed 2944K, reserved 1048576K
Event: 2.594 GC heap after
Heap after GC invocations=5 (full 1):
 PSYoungGen      total 70656K, used 0K [0x00000000d6300000, 0x00000000dad00000, 0x0000000100000000)
  eden space 65536K, 0% used [0x00000000d6300000,0x00000000d6300000,0x00000000da300000)
  from space 5120K, 0% used [0x00000000da800000,0x00000000da800000,0x00000000dad00000)
  to   space 5120K, 0% used [0x00000000da300000,0x00000000da300000,0x00000000da800000)
 ParOldGen       total 57344K, used 6540K [0x0000000082800000, 0x0000000086000000, 0x00000000d6300000)
  object space 57344K, 11% used [0x0000000082800000,0x0000000082e632b8,0x0000000086000000)
 Metaspace       used 20541K, capacity 21248K, committed 21296K, reserved 1067008K
  class space    used 2718K, capacity 2917K, committed 2944K, reserved 1048576K
}
Event: 4.076 GC heap before
{Heap before GC invocations=6 (full 1):
 PSYoungGen      total 70656K, used 65536K [0x00000000d6300000, 0x00000000dad00000, 0x0000000100000000)
  eden space 65536K, 100% used [0x00000000d6300000,0x00000000da300000,0x00000000da300000)
  from space 5120K, 0% used [0x00000000da800000,0x00000000da800000,0x00000000dad00000)
  to   space 5120K, 0% used [0x00000000da300000,0x00000000da300000,0x00000000da800000)
 ParOldGen       total 57344K, used 6540K [0x0000000082800000, 0x0000000086000000, 0x00000000d6300000)
  object space 57344K, 11% used [0x0000000082800000,0x0000000082e632b8,0x0000000086000000)
 Metaspace       used 25080K, capacity 26092K, committed 26368K, reserved 1073152K
  class space    used 3294K, capacity 3517K, committed 3584K, reserved 1048576K
Event: 4.083 GC heap after
Heap after GC invocations=6 (full 1):
 PSYoungGen      total 70656K, used 5118K [0x00000000d6300000, 0x00000000dd680000, 0x0000000100000000)
  eden space 65536K, 0% used [0x00000000d6300000,0x00000000d6300000,0x00000000da300000)
  from space 5120K, 99% used [0x00000000da300000,0x00000000da7ffa58,0x00000000da800000)
  to   space 9216K, 0% used [0x00000000dcd80000,0x00000000dcd80000,0x00000000dd680000)
 ParOldGen       total 57344K, used 9456K [0x0000000082800000, 0x0000000086000000, 0x00000000d6300000)
  object space 57344K, 16% used [0x0000000082800000,0x000000008313c0e0,0x0000000086000000)
 Metaspace       used 25080K, capacity 26092K, committed 26368K, reserved 1073152K
  class space    used 3294K, capacity 3517K, committed 3584K, reserved 1048576K
}

