# JRE version: Java(TM) SE Runtime Environment (8.0_191-b12) (build 1.8.0_191-b12)
# Java VM: Java HotSpot(TM) 64-Bit Server VM (25.191-b12 mixed mode windows-amd64 compressed oops)
Heap:
 PSYoungGen      total 55808K, used 46303K [0x00000000d6300000, 0x00000000dba00000, 0x0000000100000000)
  eden space 47104K, 79% used [0x00000000d6300000,0x00000000d87bec28,0x00000000d9100000)
  from space 8704K, 99% used [0x00000000d9100000,0x00000000d9979038,0x00000000d9980000)
  to   space 10240K, 0% used [0x00000000db000000,0x00000000db000000,0x00000000dba00000)
 ParOldGen       total 60928K, used 7958K [0x0000000082800000, 0x0000000086380000, 0x00000000d6300000)
  object space 60928K, 13% used [0x0000000082800000,0x0000000082fc58c0,0x0000000086380000)
 Metaspace       used 32110K, capacity 33702K, committed 34048K, reserved 1079296K
  class space    used 4244K, capacity 4544K, committed 4608K, reserved 1048576K
GC Heap History (10 events):
Event: 2.078 GC heap before
{Heap before GC invocations=4 (full 0):
 PSYoungGen      total 37888K, used 24308K [0x00000000d6300000, 0x00000000d8d00000, 0x0000000100000000)
  eden space 32768K, 58% used [0x00000000d6300000,0x00000000d75c1a38,0x00000000d8300000)
  from space 5120K, 99% used [0x00000000d8300000,0x00000000d87fb628,0x00000000d8800000)
  to   space 5120K, 0% used [0x00000000d8800000,0x00000000d8800000,0x00000000d8d00000)
 ParOldGen       total 86016K, used 4136K [0x0000000082800000, 0x0000000087c00000, 0x00000000d6300000)
  object space 86016K, 4% used [0x0000000082800000,0x0000000082c0a318,0x0000000087c00000)
 Metaspace       used 20549K, capacity 21262K, committed 21296K, reserved 1067008K
  class space    used 2720K, capacity 2918K, committed 2944K, reserved 1048576K
Event: 2.084 GC heap after
Heap after GC invocations=4 (full 0):
 PSYoungGen      total 37888K, used 5111K [0x00000000d6300000, 0x00000000dad00000, 0x0000000100000000)
  eden space 32768K, 0% used [0x00000000d6300000,0x00000000d6300000,0x00000000d8300000)
  from space 5120K, 99% used [0x00000000d8800000,0x00000000d8cfdd90,0x00000000d8d00000)
  to   space 5120K, 0% used [0x00000000d8300000,0x00000000d8300000,0x00000000d8800000)
 ParOldGen       total 86016K, used 5792K [0x0000000082800000, 0x0000000087c00000, 0x00000000d6300000)
  object space 86016K, 6% used [0x0000000082800000,0x0000000082da8140,0x0000000087c00000)
 Metaspace       used 20549K, capacity 21262K, committed 21296K, reserved 1067008K
  class space    used 2720K, capacity 2918K, committed 2944K, reserved 1048576K
}
Event: 2.084 GC heap before
{Heap before GC invocations=5 (full 1):
 PSYoungGen      total 37888K, used 5111K [0x00000000d6300000, 0x00000000dad00000, 0x0000000100000000)
  eden space 32768K, 0% used [0x00000000d6300000,0x00000000d6300000,0x00000000d8300000)
  from space 5120K, 99% used [0x00000000d8800000,0x00000000d8cfdd90,0x00000000d8d00000)
  to   space 5120K, 0% used [0x00000000d8300000,0x00000000d8300000,0x00000000d8800000)
 ParOldGen       total 86016K, used 5792K [0x0000000082800000, 0x0000000087c00000, 0x00000000d6300000)
  object space 86016K, 6% used [0x0000000082800000,0x0000000082da8140,0x0000000087c00000)
 Metaspace       used 20549K, capacity 21262K, committed 21296K, reserved 1067008K
  class space    used 2720K, capacity 2918K, committed 2944K, reserved 1048576K
Event: 2.111 GC heap after
Heap after GC invocations=5 (full 1):
 PSYoungGen      total 37888K, used 0K [0x00000000d6300000, 0x00000000dad00000, 0x0000000100000000)
  eden space 32768K, 0% used [0x00000000d6300000,0x00000000d6300000,0x00000000d8300000)
  from space 5120K, 0% used [0x00000000d8800000,0x00000000d8800000,0x00000000d8d00000)
  to   space 5120K, 0% used [0x00000000d8300000,0x00000000d8300000,0x00000000d8800000)
 ParOldGen       total 60928K, used 6567K [0x0000000082800000, 0x0000000086380000, 0x00000000d6300000)
  object space 60928K, 10% used [0x0000000082800000,0x0000000082e69e78,0x0000000086380000)
 Metaspace       used 20548K, capacity 21256K, committed 21296K, reserved 1067008K
  class space    used 2719K, capacity 2917K, committed 2944K, reserved 1048576K
}
Event: 3.271 GC heap before
{Heap before GC invocations=6 (full 1):
 PSYoungGen      total 37888K, used 32768K [0x00000000d6300000, 0x00000000dad00000, 0x0000000100000000)
  eden space 32768K, 100% used [0x00000000d6300000,0x00000000d8300000,0x00000000d8300000)
  from space 5120K, 0% used [0x00000000d8800000,0x00000000d8800000,0x00000000d8d00000)
  to   space 5120K, 0% used [0x00000000d8300000,0x00000000d8300000,0x00000000d8800000)
 ParOldGen       total 60928K, used 6567K [0x0000000082800000, 0x0000000086380000, 0x00000000d6300000)
  object space 60928K, 10% used [0x0000000082800000,0x0000000082e69e78,0x0000000086380000)
 Metaspace       used 23006K, capacity 23870K, committed 24064K, reserved 1071104K
  class space    used 3054K, capacity 3276K, committed 3328K, reserved 1048576K
Event: 3.274 GC heap after
Heap after GC invocations=6 (full 1):
 PSYoungGen      total 37888K, used 4153K [0x00000000d6300000, 0x00000000da280000, 0x0000000100000000)
  eden space 32768K, 0% used [0x00000000d6300000,0x00000000d6300000,0x00000000d8300000)
  from space 5120K, 81% used [0x00000000d8300000,0x00000000d870e660,0x00000000d8800000)
  to   space 9216K, 0% used [0x00000000d9980000,0x00000000d9980000,0x00000000da280000)
 ParOldGen       total 60928K, used 6575K [0x0000000082800000, 0x0000000086380000, 0x00000000d6300000)
  object space 60928K, 10% used [0x0000000082800000,0x0000000082e6be78,0x0000000086380000)
 Metaspace       used 23006K, capacity 23870K, committed 24064K, reserved 1071104K
  class space    used 3054K, capacity 3276K, committed 3328K, reserved 1048576K
}
Event: 3.687 GC heap before
{Heap before GC invocations=7 (full 1):
 PSYoungGen      total 37888K, used 36921K [0x00000000d6300000, 0x00000000da280000, 0x0000000100000000)
  eden space 32768K, 100% used [0x00000000d6300000,0x00000000d8300000,0x00000000d8300000)
  from space 5120K, 81% used [0x00000000d8300000,0x00000000d870e660,0x00000000d8800000)
  to   space 9216K, 0% used [0x00000000d9980000,0x00000000d9980000,0x00000000da280000)
 ParOldGen       total 60928K, used 6575K [0x0000000082800000, 0x0000000086380000, 0x00000000d6300000)
  object space 60928K, 10% used [0x0000000082800000,0x0000000082e6be78,0x0000000086380000)
 Metaspace       used 24979K, capacity 26036K, committed 26112K, reserved 1071104K
  class space    used 3276K, capacity 3517K, committed 3584K, reserved 1048576K
Event: 3.693 GC heap after
Heap after GC invocations=7 (full 1):
 PSYoungGen      total 55808K, used 5976K [0x00000000d6300000, 0x00000000da200000, 0x0000000100000000)
  eden space 47104K, 0% used [0x00000000d6300000,0x00000000d6300000,0x00000000d9100000)
  from space 8704K, 68% used [0x00000000d9980000,0x00000000d9f56390,0x00000000da200000)
  to   space 8704K, 0% used [0x00000000d9100000,0x00000000d9100000,0x00000000d9980000)
 ParOldGen       total 60928K, used 6583K [0x0000000082800000, 0x0000000086380000, 0x00000000d6300000)
  object space 60928K, 10% used [0x0000000082800000,0x0000000082e6de78,0x0000000086380000)
 Metaspace       used 24979K, capacity 26036K, committed 26112K, reserved 1071104K
  class space    used 3276K, capacity 3517K, committed 3584K, reserved 1048576K
}
Event: 4.529 GC heap before
{Heap before GC invocations=8 (full 1):
 PSYoungGen      total 55808K, used 53080K [0x00000000d6300000, 0x00000000da200000, 0x0000000100000000)
  eden space 47104K, 100% used [0x00000000d6300000,0x00000000d9100000,0x00000000d9100000)
  from space 8704K, 68% used [0x00000000d9980000,0x00000000d9f56390,0x00000000da200000)
  to   space 8704K, 0% used [0x00000000d9100000,0x00000000d9100000,0x00000000d9980000)
 ParOldGen       total 60928K, used 6583K [0x0000000082800000, 0x0000000086380000, 0x00000000d6300000)
  object space 60928K, 10% used [0x0000000082800000,0x0000000082e6de78,0x0000000086380000)
 Metaspace       used 28952K, capacity 30120K, committed 30336K, reserved 1075200K
  class space    used 3852K, capacity 4103K, committed 4224K, reserved 1048576K
Event: 4.540 GC heap after
Heap after GC invocations=8 (full 1):
 PSYoungGen      total 55808K, used 8676K [0x00000000d6300000, 0x00000000dba00000, 0x0000000100000000)
  eden space 47104K, 0% used [0x00000000d6300000,0x00000000d6300000,0x00000000d9100000)
  from space 8704K, 99% used [0x00000000d9100000,0x00000000d9979038,0x00000000d9980000)
  to   space 10240K, 0% used [0x00000000db000000,0x00000000db000000,0x00000000dba00000)
 ParOldGen       total 60928K, used 7958K [0x0000000082800000, 0x0000000086380000, 0x00000000d6300000)
  object space 60928K, 13% used [0x0000000082800000,0x0000000082fc58c0,0x0000000086380000)
 Metaspace       used 28952K, capacity 30120K, committed 30336K, reserved 1075200K
  class space    used 3852K, capacity 4103K, committed 4224K, reserved 1048576K
}

